<?xml version="1.0" encoding="utf-8"?><testsuites name="pytest tests"><testsuite name="pytest" errors="0" failures="0" skipped="0" tests="28" time="12.798" timestamp="2026-07-29T07:33:57.939383+00:00" hostname="agent-env-72a50173-adec-4688-909a-0eaabc35384b"><testcase classname="tests.test_prankfx_api.TestHealth" name="test_root" time="0.175" /><testcase classname="tests.test_prankfx_api.TestAuthEmail" name="test_register_new_user" time="0.318" /><testcase classname="tests.test_prankfx_api.TestAuthEmail" name="test_register_duplicate_returns_409" time="0.099" /><testcase classname="tests.test_prankfx_api.TestAuthEmail" name="test_login_demo" time="0.372" /><testcase classname="tests.test_prankfx_api.TestAuthEmail" name="test_login_wrong_password" time="0.320" /><testcase classname="tests.test_prankfx_api.TestAuthEmail" name="test_forgot_returns_200_for_existing" time="0.110" /><testcase classname="tests.test_prankfx_api.TestAuthEmail" name="test_forgot_returns_200_for_nonexistent" time="0.094" /><testcase classname="tests.test_prankfx_api.TestAuthEmail" name="test_me_with_jwt" time="0.098" /><testcase classname="tests.test_prankfx_api.TestAuthEmail" name="test_me_missing_bearer" time="0.105" /><testcase classname="tests.test_prankfx_api.TestAuthEmail" name="test_me_invalid_token" time="0.104" /><testcase classname="tests.test_prankfx_api.TestAuthEmail" name="test_logout" time="0.197" /><testcase classname="tests.test_prankfx_api.TestEffects" name="test_catalog_structure" time="0.093" /><testcase classname="tests.test_prankfx_api.TestPremiumGating" name="test_generate_denied_without_premium" time="0.550" /><testcase classname="tests.test_prankfx_api.TestPremiumGating" name="test_generate_unknown_effect" time="0.427" /><testcase classname="tests.test_prankfx_api.TestSubscription" name="test_setup_new_user" time="0.320" /><testcase classname="tests.test_prankfx_api.TestSubscription" name="test_restore_before_activate" time="0.107" /><testcase classname="tests.test_prankfx_api.TestSubscription" name="test_mock_activate_face_effects" time="0.246" /><testcase classname="tests.test_prankfx_api.TestSubscription" name="test_face_tier_cannot_access_ultimate_effect" time="0.096" /><testcase classname="tests.test_prankfx_api.TestSubscription" name="test_mock_activate_ultimate" time="0.095" /><testcase classname="tests.test_prankfx_api.TestSubscription" name="test_cancel" time="0.194" /><testcase classname="tests.test_prankfx_api.TestSubscription" name="test_cleanup" time="0.096" /><testcase classname="tests.test_prankfx_api.TestAIGeneration" name="test_real_generate_with_demo_premium" time="7.114" /><testcase classname="tests.test_prankfx_api.TestProjects" name="test_list_projects" time="0.225" /><testcase classname="tests.test_prankfx_api.TestProjects" name="test_get_project_full" time="0.159" /><testcase classname="tests.test_prankfx_api.TestProjects" name="test_favorite_toggle" time="0.385" /><testcase classname="tests.test_prankfx_api.TestProjects" name="test_search_projects" time="0.189" /><testcase classname="tests.test_prankfx_api.TestProjects" name="test_delete_project" time="0.255" /><testcase classname="tests.test_prankfx_api.TestAccountDeletion" name="test_delete_registered_user" time="0.194" /></testsuite></testsuites>